<?xml version="1.0" encoding="UTF-8"?>
<!-- Generated by org.testng.reporters.JUnitXMLReporter -->
<testsuite ignored="0" hostname="Sai" failures="0" tests="5" name="Default test" time="31.54" errors="0" timestamp="20 Sep 2023 06:46:10 GMT">
  <testcase classname="practice.FlyAway" name="newRegistrationTest" time="10.232"/>
  <testcase classname="practice.FlyAway" name="SignInTest" time="4.144"/>
  <testcase classname="practice.FlyAway" name="searchFlightTest" time="4.966"/>
  <testcase classname="practice.FlyAway" name="BookFlightTest" time="4.962"/>
  <testcase classname="practice.FlyAway" name="CompleteBookingTest" time="7.158"/>
</testsuite> <!-- Default test -->
